<?xml version="1.0" encoding="UTF-8"?>
<!-- Generated by org.testng.reporters.JUnitXMLReporter -->
<testsuite ignored="0" hostname="Swetha" failures="0" tests="4" name="Test Edge" time="5.315" errors="0" timestamp="2022-12-09T16:13:38 IST">
  <testcase classname="com.qa.testscripts.Base" name="@BeforeClass Setup" time="4.832">
    <failure type="org.openqa.selenium.SessionNotCreatedException" message="session not created: This version of Microsoft Edge WebDriver only supports Microsoft Edge version 106
Current browser version is 108.0.1462.42 with binary path C:\Program Files (x86)\Microsoft\Edge\Application\msedge.exe
Build info: version: &amp;apos;3.141.59&amp;apos;, revision: &amp;apos;e82be7d358&amp;apos;, time: &amp;apos;2018-11-14T08:17:03&amp;apos;
System info: host: &amp;apos;SWETHA&amp;apos;, ip: &amp;apos;10.56.4.234&amp;apos;, os.name: &amp;apos;Windows 11&amp;apos;, os.arch: &amp;apos;amd64&amp;apos;, os.version: &amp;apos;10.0&amp;apos;, java.version: &amp;apos;19.0.1&amp;apos;
Driver info: driver.version: EdgeDriver
remote stacktrace: Backtrace:
	Microsoft::Applications::Events::EventProperties::SetProperty [0x00007FF710F7F142+15282]
	Microsoft::Applications::Events::EventProperty::EventProperty [0x00007FF710F1C842+1461698]
	Ordinal0 [0x00007FF710B3C8A5+641189]
	Ordinal0 [0x00007FF710B6AB4F+830287]
	Ordinal0 [0x00007FF710B6652E+812334]
	Ordinal0 [0x00007FF710B61670+792176]
	Ordinal0 [0x00007FF710B9FEA1+1048225]
	Ordinal0 [0x00007FF710B9F388+1045384]
	Ordinal0 [0x00007FF710B986F3+1017587]
	Ordinal0 [0x00007FF710B6D104+839940]
	Ordinal0 [0x00007FF710B6E76F+845679]
	Microsoft::Applications::Events::EventProperty::EventProperty [0x00007FF710DD8A28+135080]
	Microsoft::Applications::Events::EventProperty::EventProperty [0x00007FF710DC2888+44552]
	Microsoft::Applications::Events::EventProperty::EventProperty [0x00007FF710DC57CC+56652]
	Ordinal0 [0x00007FF710C2A764+1615716]
	Microsoft::Applications::Events::EventProperty::EventProperty [0x00007FF710F21DA9+1483561]
	Microsoft::Applications::Events::EventProperty::EventProperty [0x00007FF710F25C64+1499620]
	Microsoft::Applications::Events::EventProperty::EventProperty [0x00007FF710F25DBD+1499965]
	Microsoft::Applications::Events::EventProperty::EventProperty [0x00007FF710F2D686+1530886]
	BaseThreadInitThunk [0x00007FFC4527244D+29]
	RtlUserThreadStart [0x00007FFC4694DFB8+40]
">
      <![CDATA[org.openqa.selenium.SessionNotCreatedException: session not created: This version of Microsoft Edge WebDriver only supports Microsoft Edge version 106
Current browser version is 108.0.1462.42 with binary path C:\Program Files (x86)\Microsoft\Edge\Application\msedge.exe
Build info: version: '3.141.59', revision: 'e82be7d358', time: '2018-11-14T08:17:03'
System info: host: 'SWETHA', ip: '10.56.4.234', os.name: 'Windows 11', os.arch: 'amd64', os.version: '10.0', java.version: '19.0.1'
Driver info: driver.version: EdgeDriver
remote stacktrace: Backtrace:
Microsoft::Applications::Events::EventProperties::SetProperty [0x00007FF710F7F142+15282]
Microsoft::Applications::Events::EventProperty::EventProperty [0x00007FF710F1C842+1461698]
Ordinal0 [0x00007FF710B3C8A5+641189]
Ordinal0 [0x00007FF710B6AB4F+830287]
Ordinal0 [0x00007FF710B6652E+812334]
Ordinal0 [0x00007FF710B61670+792176]
Ordinal0 [0x00007FF710B9FEA1+1048225]
Ordinal0 [0x00007FF710B9F388+1045384]
Ordinal0 [0x00007FF710B986F3+1017587]
Ordinal0 [0x00007FF710B6D104+839940]
Ordinal0 [0x00007FF710B6E76F+845679]
Microsoft::Applications::Events::EventProperty::EventProperty [0x00007FF710DD8A28+135080]
Microsoft::Applications::Events::EventProperty::EventProperty [0x00007FF710DC2888+44552]
Microsoft::Applications::Events::EventProperty::EventProperty [0x00007FF710DC57CC+56652]
Ordinal0 [0x00007FF710C2A764+1615716]
Microsoft::Applications::Events::EventProperty::EventProperty [0x00007FF710F21DA9+1483561]
Microsoft::Applications::Events::EventProperty::EventProperty [0x00007FF710F25C64+1499620]
Microsoft::Applications::Events::EventProperty::EventProperty [0x00007FF710F25DBD+1499965]
Microsoft::Applications::Events::EventProperty::EventProperty [0x00007FF710F2D686+1530886]
BaseThreadInitThunk [0x00007FFC4527244D+29]
RtlUserThreadStart [0x00007FFC4694DFB8+40]

at org.openqa.selenium.remote.W3CHandshakeResponse.lambda$errorHandler$0(W3CHandshakeResponse.java:62)
at org.openqa.selenium.remote.HandshakeResponse.lambda$getResponseFunction$0(HandshakeResponse.java:30)
at org.openqa.selenium.remote.ProtocolHandshake.lambda$createSession$0(ProtocolHandshake.java:126)
at java.base/java.util.stream.ReferencePipeline$3$1.accept(ReferencePipeline.java:197)
at java.base/java.util.Spliterators$ArraySpliterator.tryAdvance(Spliterators.java:1016)
at java.base/java.util.stream.ReferencePipeline.forEachWithCancel(ReferencePipeline.java:129)
at java.base/java.util.stream.AbstractPipeline.copyIntoWithCancel(AbstractPipeline.java:527)
at java.base/java.util.stream.AbstractPipeline.copyInto(AbstractPipeline.java:513)
at java.base/java.util.stream.AbstractPipeline.wrapAndCopyInto(AbstractPipeline.java:499)
at java.base/java.util.stream.FindOps$FindOp.evaluateSequential(FindOps.java:150)
at java.base/java.util.stream.AbstractPipeline.evaluate(AbstractPipeline.java:234)
at java.base/java.util.stream.ReferencePipeline.findFirst(ReferencePipeline.java:647)
at org.openqa.selenium.remote.ProtocolHandshake.createSession(ProtocolHandshake.java:128)
at org.openqa.selenium.remote.ProtocolHandshake.createSession(ProtocolHandshake.java:74)
at org.openqa.selenium.remote.HttpCommandExecutor.execute(HttpCommandExecutor.java:136)
at org.openqa.selenium.remote.service.DriverCommandExecutor.execute(DriverCommandExecutor.java:83)
at org.openqa.selenium.remote.RemoteWebDriver.execute(RemoteWebDriver.java:552)
at org.openqa.selenium.remote.RemoteWebDriver.startSession(RemoteWebDriver.java:213)
at org.openqa.selenium.remote.RemoteWebDriver.<init>(RemoteWebDriver.java:131)
at org.openqa.selenium.edge.EdgeDriver.<init>(EdgeDriver.java:141)
at org.openqa.selenium.edge.EdgeDriver.<init>(EdgeDriver.java:96)
at com.qa.testscripts.Base.Setup(Base.java:42)
at java.base/java.util.concurrent.ThreadPoolExecutor.runWorker(ThreadPoolExecutor.java:1144)
at java.base/java.util.concurrent.ThreadPoolExecutor$Worker.run(ThreadPoolExecutor.java:642)
at java.base/java.lang.Thread.run(Thread.java:1589)
... Removed 11 stack frames]]>
    </failure>
  </testcase> <!-- @BeforeClass Setup -->
  <testcase classname="com.qa.testscripts.Base" name="@AfterClass TearDown" time="-1.670582618566E9">
    <skipped/>
  </testcase> <!-- @AfterClass TearDown -->
  <testcase classname="com.qa.testscripts.TC_AmazonSearch_001" name="Search" time="0.0">
    <skipped/>
  </testcase> <!-- Search -->
  <testcase classname="com.qa.testscripts.TC_AmazonSearch_001" name="Search" time="0.0">
    <skipped/>
  </testcase> <!-- Search -->
  <testcase classname="com.qa.testscripts.TC_AmazonSearch_001" name="Search" time="0.0">
    <skipped/>
  </testcase> <!-- Search -->
  <testcase classname="com.qa.testscripts.TC_AmazonSearch_001" name="Search" time="0.0">
    <skipped/>
  </testcase> <!-- Search -->
</testsuite> <!-- Test Edge -->
