<?xml version="1.0" encoding="UTF-8"?>
<!-- Generated by org.testng.reporters.JUnitXMLReporter -->
<testsuite ignored="0" hostname="Swetha" failures="1" tests="4" name="Test Chrome" time="92.444" errors="0" timestamp="2022-12-09T16:13:33 IST">
  <testcase classname="com.qa.testscripts.TC_AmazonSearch_001" name="Search" time="17.861"/>
  <testcase classname="com.qa.testscripts.TC_AmazonSearch_001" name="Search" time="25.736"/>
  <testcase classname="com.qa.testscripts.TC_AmazonSearch_001" name="Search" time="14.029"/>
  <testcase classname="com.qa.testscripts.TC_AmazonSearch_001" name="Search" time="6.104">
    <failure type="org.openqa.selenium.NoSuchElementException" message="Cannot locate element with text: Women
For documentation on this error, please visit: https://www.seleniumhq.org/exceptions/no_such_element.html
Build info: version: &amp;apos;3.141.59&amp;apos;, revision: &amp;apos;e82be7d358&amp;apos;, time: &amp;apos;2018-11-14T08:17:03&amp;apos;
System info: host: &amp;apos;SWETHA&amp;apos;, ip: &amp;apos;10.56.4.234&amp;apos;, os.name: &amp;apos;Windows 11&amp;apos;, os.arch: &amp;apos;amd64&amp;apos;, os.version: &amp;apos;10.0&amp;apos;, java.version: &amp;apos;19.0.1&amp;apos;
Driver info: driver.version: unknown">
      <![CDATA[org.openqa.selenium.NoSuchElementException: Cannot locate element with text: Women
For documentation on this error, please visit: https://www.seleniumhq.org/exceptions/no_such_element.html
Build info: version: '3.141.59', revision: 'e82be7d358', time: '2018-11-14T08:17:03'
System info: host: 'SWETHA', ip: '10.56.4.234', os.name: 'Windows 11', os.arch: 'amd64', os.version: '10.0', java.version: '19.0.1'
Driver info: driver.version: unknown
at org.openqa.selenium.support.ui.Select.selectByVisibleText(Select.java:147)
at com.qa.testscripts.TC_AmazonSearch_001.Search(TC_AmazonSearch_001.java:50)
at java.base/java.util.concurrent.ThreadPoolExecutor.runWorker(ThreadPoolExecutor.java:1144)
at java.base/java.util.concurrent.ThreadPoolExecutor$Worker.run(ThreadPoolExecutor.java:642)
at java.base/java.lang.Thread.run(Thread.java:1589)
... Removed 10 stack frames]]>
    </failure>
  </testcase> <!-- Search -->
</testsuite> <!-- Test Chrome -->
