<?xml version="1.0" encoding="UTF-8"?>
<!-- Generated by org.testng.reporters.JUnitReportReporter -->
<testsuite hostname="Swetha" failures="0" tests="9" name="com.qa.testscripts.TC_AmazonSearch_001" time="68.562" errors="2" timestamp="2022-12-09T16:13:38 IST" skipped="4">
  <testcase classname="com.qa.testscripts.TC_AmazonSearch_001" name="Search" time="0.000">
    <skipped/>
  </testcase> <!-- Search -->
  <system-out/>
  <testcase classname="com.qa.testscripts.TC_AmazonSearch_001" name="Search" time="0.000">
    <skipped/>
  </testcase> <!-- Search -->
  <system-out/>
  <testcase classname="com.qa.testscripts.TC_AmazonSearch_001" name="Search" time="17.861"/>
  <system-out/>
  <testcase classname="com.qa.testscripts.TC_AmazonSearch_001" name="Search" time="6.104">
    <error message="Cannot locate element with text: Women
For documentation on this error, please visit: https://www.seleniumhq.org/exceptions/no_such_element.html
Build info: version: &#039;3.141.59&#039;, revision: &#039;e82be7d358&#039;, time: &#039;2018-11-14T08:17:03&#039;
System info: host: &#039;SWETHA&#039;, ip: &#039;10.56.4.234&#039;, os.name: &#039;Windows 11&#039;, os.arch: &#039;amd64&#039;, os.version: &#039;10.0&#039;, java.version: &#039;19.0.1&#039;
Driver info: driver.version: unknown" type="org.openqa.selenium.NoSuchElementException">
      <![CDATA[org.openqa.selenium.NoSuchElementException: Cannot locate element with text: Women
For documentation on this error, please visit: https://www.seleniumhq.org/exceptions/no_such_element.html
Build info: version: '3.141.59', revision: 'e82be7d358', time: '2018-11-14T08:17:03'
System info: host: 'SWETHA', ip: '10.56.4.234', os.name: 'Windows 11', os.arch: 'amd64', os.version: '10.0', java.version: '19.0.1'
Driver info: driver.version: unknown
at org.openqa.selenium.support.ui.Select.selectByVisibleText(Select.java:147)
at com.qa.testscripts.TC_AmazonSearch_001.Search(TC_AmazonSearch_001.java:50)
at java.base/jdk.internal.reflect.DirectMethodHandleAccessor.invoke(DirectMethodHandleAccessor.java:104)
at java.base/java.lang.reflect.Method.invoke(Method.java:578)
at org.testng.internal.MethodInvocationHelper.invokeMethod(MethodInvocationHelper.java:133)
at org.testng.internal.TestInvoker.invokeMethod(TestInvoker.java:598)
at org.testng.internal.TestInvoker.invokeTestMethod(TestInvoker.java:173)
at org.testng.internal.MethodRunner.runInSequence(MethodRunner.java:46)
at org.testng.internal.TestInvoker$MethodInvocationAgent.invoke(TestInvoker.java:824)
at org.testng.internal.TestInvoker.invokeTestMethods(TestInvoker.java:146)
at org.testng.internal.TestMethodWorker.invokeTestMethods(TestMethodWorker.java:146)
at org.testng.internal.TestMethodWorker.run(TestMethodWorker.java:128)
at java.base/java.util.concurrent.ThreadPoolExecutor.runWorker(ThreadPoolExecutor.java:1144)
at java.base/java.util.concurrent.ThreadPoolExecutor$Worker.run(ThreadPoolExecutor.java:642)
at java.base/java.lang.Thread.run(Thread.java:1589)
]]>
    </error>
  </testcase> <!-- Search -->
  <system-out/>
  <testcase classname="com.qa.testscripts.TC_AmazonSearch_001" name="Search" time="0.000">
    <skipped/>
  </testcase> <!-- Search -->
  <system-out/>
  <testcase classname="com.qa.testscripts.TC_AmazonSearch_001" name="Search" time="25.736"/>
  <system-out/>
  <testcase classname="com.qa.testscripts.TC_AmazonSearch_001" name="Search" time="14.029"/>
  <system-out/>
  <testcase classname="com.qa.testscripts.TC_AmazonSearch_001" name="Search" time="0.000">
    <skipped/>
  </testcase> <!-- Search -->
  <system-out/>
  <testcase classname="com.qa.testscripts.TC_AmazonSearch_001" name="Setup" time="4.832">
    <error message="session not created: This version of Microsoft Edge WebDriver only supports Microsoft Edge version 106
Current browser version is 108.0.1462.42 with binary path C:\Program Files (x86)\Microsoft\Edge\Application\msedge.exe
Build info: version: &#039;3.141.59&#039;, revision: &#039;e82be7d358&#039;, time: &#039;2018-11-14T08:17:03&#039;
System info: host: &#039;SWETHA&#039;, ip: &#039;10.56.4.234&#039;, os.name: &#039;Windows 11&#039;, os.arch: &#039;amd64&#039;, os.version: &#039;10.0&#039;, java.version: &#039;19.0.1&#039;
Driver info: driver.version: EdgeDriver
remote stacktrace: Backtrace:
	Microsoft::Applications::Events::EventProperties::SetProperty [0x00007FF710F7F142+15282]
	Microsoft::Applications::Events::EventProperty::EventProperty [0x00007FF710F1C842+1461698]
	Ordinal0 [0x00007FF710B3C8A5+641189]
	Ordinal0 [0x00007FF710B6AB4F+830287]
	Ordinal0 [0x00007FF710B6652E+812334]
	Ordinal0 [0x00007FF710B61670+792176]
	Ordinal0 [0x00007FF710B9FEA1+1048225]
	Ordinal0 [0x00007FF710B9F388+1045384]
	Ordinal0 [0x00007FF710B986F3+1017587]
	Ordinal0 [0x00007FF710B6D104+839940]
	Ordinal0 [0x00007FF710B6E76F+845679]
	Microsoft::Applications::Events::EventProperty::EventProperty [0x00007FF710DD8A28+135080]
	Microsoft::Applications::Events::EventProperty::EventProperty [0x00007FF710DC2888+44552]
	Microsoft::Applications::Events::EventProperty::EventProperty [0x00007FF710DC57CC+56652]
	Ordinal0 [0x00007FF710C2A764+1615716]
	Microsoft::Applications::Events::EventProperty::EventProperty [0x00007FF710F21DA9+1483561]
	Microsoft::Applications::Events::EventProperty::EventProperty [0x00007FF710F25C64+1499620]
	Microsoft::Applications::Events::EventProperty::EventProperty [0x00007FF710F25DBD+1499965]
	Microsoft::Applications::Events::EventProperty::EventProperty [0x00007FF710F2D686+1530886]
	BaseThreadInitThunk [0x00007FFC4527244D+29]
	RtlUserThreadStart [0x00007FFC4694DFB8+40]
" type="org.openqa.selenium.SessionNotCreatedException">
      <![CDATA[org.openqa.selenium.SessionNotCreatedException: session not created: This version of Microsoft Edge WebDriver only supports Microsoft Edge version 106
Current browser version is 108.0.1462.42 with binary path C:\Program Files (x86)\Microsoft\Edge\Application\msedge.exe
Build info: version: '3.141.59', revision: 'e82be7d358', time: '2018-11-14T08:17:03'
System info: host: 'SWETHA', ip: '10.56.4.234', os.name: 'Windows 11', os.arch: 'amd64', os.version: '10.0', java.version: '19.0.1'
Driver info: driver.version: EdgeDriver
remote stacktrace: Backtrace:
Microsoft::Applications::Events::EventProperties::SetProperty [0x00007FF710F7F142+15282]
Microsoft::Applications::Events::EventProperty::EventProperty [0x00007FF710F1C842+1461698]
Ordinal0 [0x00007FF710B3C8A5+641189]
Ordinal0 [0x00007FF710B6AB4F+830287]
Ordinal0 [0x00007FF710B6652E+812334]
Ordinal0 [0x00007FF710B61670+792176]
Ordinal0 [0x00007FF710B9FEA1+1048225]
Ordinal0 [0x00007FF710B9F388+1045384]
Ordinal0 [0x00007FF710B986F3+1017587]
Ordinal0 [0x00007FF710B6D104+839940]
Ordinal0 [0x00007FF710B6E76F+845679]
Microsoft::Applications::Events::EventProperty::EventProperty [0x00007FF710DD8A28+135080]
Microsoft::Applications::Events::EventProperty::EventProperty [0x00007FF710DC2888+44552]
Microsoft::Applications::Events::EventProperty::EventProperty [0x00007FF710DC57CC+56652]
Ordinal0 [0x00007FF710C2A764+1615716]
Microsoft::Applications::Events::EventProperty::EventProperty [0x00007FF710F21DA9+1483561]
Microsoft::Applications::Events::EventProperty::EventProperty [0x00007FF710F25C64+1499620]
Microsoft::Applications::Events::EventProperty::EventProperty [0x00007FF710F25DBD+1499965]
Microsoft::Applications::Events::EventProperty::EventProperty [0x00007FF710F2D686+1530886]
BaseThreadInitThunk [0x00007FFC4527244D+29]
RtlUserThreadStart [0x00007FFC4694DFB8+40]

at java.base/jdk.internal.reflect.DirectConstructorHandleAccessor.newInstance(DirectConstructorHandleAccessor.java:67)
at java.base/java.lang.reflect.Constructor.newInstanceWithCaller(Constructor.java:500)
at java.base/java.lang.reflect.Constructor.newInstance(Constructor.java:484)
at org.openqa.selenium.remote.W3CHandshakeResponse.lambda$errorHandler$0(W3CHandshakeResponse.java:62)
at org.openqa.selenium.remote.HandshakeResponse.lambda$getResponseFunction$0(HandshakeResponse.java:30)
at org.openqa.selenium.remote.ProtocolHandshake.lambda$createSession$0(ProtocolHandshake.java:126)
at java.base/java.util.stream.ReferencePipeline$3$1.accept(ReferencePipeline.java:197)
at java.base/java.util.Spliterators$ArraySpliterator.tryAdvance(Spliterators.java:1016)
at java.base/java.util.stream.ReferencePipeline.forEachWithCancel(ReferencePipeline.java:129)
at java.base/java.util.stream.AbstractPipeline.copyIntoWithCancel(AbstractPipeline.java:527)
at java.base/java.util.stream.AbstractPipeline.copyInto(AbstractPipeline.java:513)
at java.base/java.util.stream.AbstractPipeline.wrapAndCopyInto(AbstractPipeline.java:499)
at java.base/java.util.stream.FindOps$FindOp.evaluateSequential(FindOps.java:150)
at java.base/java.util.stream.AbstractPipeline.evaluate(AbstractPipeline.java:234)
at java.base/java.util.stream.ReferencePipeline.findFirst(ReferencePipeline.java:647)
at org.openqa.selenium.remote.ProtocolHandshake.createSession(ProtocolHandshake.java:128)
at org.openqa.selenium.remote.ProtocolHandshake.createSession(ProtocolHandshake.java:74)
at org.openqa.selenium.remote.HttpCommandExecutor.execute(HttpCommandExecutor.java:136)
at org.openqa.selenium.remote.service.DriverCommandExecutor.execute(DriverCommandExecutor.java:83)
at org.openqa.selenium.remote.RemoteWebDriver.execute(RemoteWebDriver.java:552)
at org.openqa.selenium.remote.RemoteWebDriver.startSession(RemoteWebDriver.java:213)
at org.openqa.selenium.remote.RemoteWebDriver.<init>(RemoteWebDriver.java:131)
at org.openqa.selenium.edge.EdgeDriver.<init>(EdgeDriver.java:141)
at org.openqa.selenium.edge.EdgeDriver.<init>(EdgeDriver.java:96)
at com.qa.testscripts.Base.Setup(Base.java:42)
at java.base/jdk.internal.reflect.DirectMethodHandleAccessor.invoke(DirectMethodHandleAccessor.java:104)
at java.base/java.lang.reflect.Method.invoke(Method.java:578)
at org.testng.internal.MethodInvocationHelper.invokeMethod(MethodInvocationHelper.java:133)
at org.testng.internal.MethodInvocationHelper.invokeMethodConsideringTimeout(MethodInvocationHelper.java:62)
at org.testng.internal.ConfigInvoker.invokeConfigurationMethod(ConfigInvoker.java:385)
at org.testng.internal.ConfigInvoker.invokeConfigurations(ConfigInvoker.java:321)
at org.testng.internal.TestMethodWorker.invokeBeforeClassMethods(TestMethodWorker.java:176)
at org.testng.internal.TestMethodWorker.run(TestMethodWorker.java:122)
at java.base/java.util.concurrent.ThreadPoolExecutor.runWorker(ThreadPoolExecutor.java:1144)
at java.base/java.util.concurrent.ThreadPoolExecutor$Worker.run(ThreadPoolExecutor.java:642)
at java.base/java.lang.Thread.run(Thread.java:1589)
]]>
    </error>
  </testcase> <!-- Setup -->
  <system-out/>
</testsuite> <!-- com.qa.testscripts.TC_AmazonSearch_001 -->
