<?xml version="1.0" encoding="UTF-8"?>
<testng-results ignored="0" total="8" passed="3" failed="1" skipped="4">
  <reporter-output>
  </reporter-output>
  <suite started-at="2022-12-09T16:12:00 IST" name="Suite" finished-at="2022-12-09T16:13:38 IST" duration-ms="97801">
    <groups>
    </groups>
    <test started-at="2022-12-09T16:12:00 IST" name="Test Chrome" finished-at="2022-12-09T16:13:33 IST" duration-ms="92444">
      <class name="com.qa.testscripts.TC_AmazonSearch_001">
        <test-method is-config="true" signature="Setup(java.lang.String,java.lang.String)[pri:0, instance:com.qa.testscripts.TC_AmazonSearch_001@5af3afd9]" started-at="2022-12-09T16:12:00 IST" name="Setup" finished-at="2022-12-09T16:12:22 IST" duration-ms="22079" status="PASS">
          <params>
            <param index="0">
              <value>
                <![CDATA[Chrome]]>
              </value>
            </param>
            <param index="1">
              <value>
                <![CDATA[http://www.amazon.in/]]>
              </value>
            </param>
          </params>
          <reporter-output>
          </reporter-output>
        </test-method> <!-- Setup -->
        <test-method signature="Search(java.lang.String,java.lang.String)[pri:0, instance:com.qa.testscripts.TC_AmazonSearch_001@5af3afd9]" started-at="2022-12-09T16:12:24 IST" name="Search" data-provider="Data" finished-at="2022-12-09T16:12:42 IST" duration-ms="17861" status="PASS">
          <params>
            <param index="0">
              <value>
                <![CDATA[Electronics]]>
              </value>
            </param>
            <param index="1">
              <value>
                <![CDATA[oppo reno 2f]]>
              </value>
            </param>
          </params>
          <reporter-output>
          </reporter-output>
        </test-method> <!-- Search -->
        <test-method signature="Search(java.lang.String,java.lang.String)[pri:0, instance:com.qa.testscripts.TC_AmazonSearch_001@5af3afd9]" started-at="2022-12-09T16:12:42 IST" name="Search" data-provider="Data" finished-at="2022-12-09T16:13:07 IST" duration-ms="25736" status="PASS">
          <params>
            <param index="0">
              <value>
                <![CDATA[Furniture]]>
              </value>
            </param>
            <param index="1">
              <value>
                <![CDATA[chair]]>
              </value>
            </param>
          </params>
          <reporter-output>
          </reporter-output>
        </test-method> <!-- Search -->
        <test-method signature="Search(java.lang.String,java.lang.String)[pri:0, instance:com.qa.testscripts.TC_AmazonSearch_001@5af3afd9]" started-at="2022-12-09T16:13:07 IST" name="Search" data-provider="Data" finished-at="2022-12-09T16:13:21 IST" duration-ms="14029" status="PASS">
          <params>
            <param index="0">
              <value>
                <![CDATA[Beauty]]>
              </value>
            </param>
            <param index="1">
              <value>
                <![CDATA[lipstick]]>
              </value>
            </param>
          </params>
          <reporter-output>
          </reporter-output>
        </test-method> <!-- Search -->
        <test-method signature="Search(java.lang.String,java.lang.String)[pri:0, instance:com.qa.testscripts.TC_AmazonSearch_001@5af3afd9]" started-at="2022-12-09T16:13:21 IST" name="Search" data-provider="Data" finished-at="2022-12-09T16:13:27 IST" duration-ms="6104" status="FAIL">
          <params>
            <param index="0">
              <value>
                <![CDATA[Women]]>
              </value>
            </param>
            <param index="1">
              <value>
                <![CDATA[Dresses]]>
              </value>
            </param>
          </params>
          <exception class="org.openqa.selenium.NoSuchElementException">
            <message>
              <![CDATA[Cannot locate element with text: Women
For documentation on this error, please visit: https://www.seleniumhq.org/exceptions/no_such_element.html
Build info: version: '3.141.59', revision: 'e82be7d358', time: '2018-11-14T08:17:03'
System info: host: 'SWETHA', ip: '10.56.4.234', os.name: 'Windows 11', os.arch: 'amd64', os.version: '10.0', java.version: '19.0.1'
Driver info: driver.version: unknown]]>
            </message>
            <full-stacktrace>
              <![CDATA[org.openqa.selenium.NoSuchElementException: Cannot locate element with text: Women
For documentation on this error, please visit: https://www.seleniumhq.org/exceptions/no_such_element.html
Build info: version: '3.141.59', revision: 'e82be7d358', time: '2018-11-14T08:17:03'
System info: host: 'SWETHA', ip: '10.56.4.234', os.name: 'Windows 11', os.arch: 'amd64', os.version: '10.0', java.version: '19.0.1'
Driver info: driver.version: unknown
at org.openqa.selenium.support.ui.Select.selectByVisibleText(Select.java:147)
at com.qa.testscripts.TC_AmazonSearch_001.Search(TC_AmazonSearch_001.java:50)
at java.base/jdk.internal.reflect.DirectMethodHandleAccessor.invoke(DirectMethodHandleAccessor.java:104)
at java.base/java.lang.reflect.Method.invoke(Method.java:578)
at org.testng.internal.MethodInvocationHelper.invokeMethod(MethodInvocationHelper.java:133)
at org.testng.internal.TestInvoker.invokeMethod(TestInvoker.java:598)
at org.testng.internal.TestInvoker.invokeTestMethod(TestInvoker.java:173)
at org.testng.internal.MethodRunner.runInSequence(MethodRunner.java:46)
at org.testng.internal.TestInvoker$MethodInvocationAgent.invoke(TestInvoker.java:824)
at org.testng.internal.TestInvoker.invokeTestMethods(TestInvoker.java:146)
at org.testng.internal.TestMethodWorker.invokeTestMethods(TestMethodWorker.java:146)
at org.testng.internal.TestMethodWorker.run(TestMethodWorker.java:128)
at java.base/java.util.concurrent.ThreadPoolExecutor.runWorker(ThreadPoolExecutor.java:1144)
at java.base/java.util.concurrent.ThreadPoolExecutor$Worker.run(ThreadPoolExecutor.java:642)
at java.base/java.lang.Thread.run(Thread.java:1589)
]]>
            </full-stacktrace>
          </exception> <!-- org.openqa.selenium.NoSuchElementException -->
          <reporter-output>
          </reporter-output>
        </test-method> <!-- Search -->
        <test-method is-config="true" signature="TearDown()[pri:0, instance:com.qa.testscripts.TC_AmazonSearch_001@5af3afd9]" started-at="2022-12-09T16:13:27 IST" name="TearDown" finished-at="2022-12-09T16:13:33 IST" duration-ms="5223" status="PASS">
          <reporter-output>
          </reporter-output>
        </test-method> <!-- TearDown -->
      </class> <!-- com.qa.testscripts.TC_AmazonSearch_001 -->
    </test> <!-- Test Chrome -->
    <test started-at="2022-12-09T16:13:33 IST" name="Test Edge" finished-at="2022-12-09T16:13:38 IST" duration-ms="5315">
      <class name="com.qa.testscripts.TC_AmazonSearch_001">
        <test-method is-config="true" signature="Setup(java.lang.String,java.lang.String)[pri:0, instance:com.qa.testscripts.TC_AmazonSearch_001@10e31a9a]" started-at="2022-12-09T16:13:33 IST" name="Setup" finished-at="2022-12-09T16:13:38 IST" duration-ms="4832" status="FAIL">
          <params>
            <param index="0">
              <value>
                <![CDATA[Edge]]>
              </value>
            </param>
            <param index="1">
              <value>
                <![CDATA[http://www.amazon.in/]]>
              </value>
            </param>
          </params>
          <exception class="org.openqa.selenium.SessionNotCreatedException">
            <message>
              <![CDATA[session not created: This version of Microsoft Edge WebDriver only supports Microsoft Edge version 106
Current browser version is 108.0.1462.42 with binary path C:\Program Files (x86)\Microsoft\Edge\Application\msedge.exe
Build info: version: '3.141.59', revision: 'e82be7d358', time: '2018-11-14T08:17:03'
System info: host: 'SWETHA', ip: '10.56.4.234', os.name: 'Windows 11', os.arch: 'amd64', os.version: '10.0', java.version: '19.0.1'
Driver info: driver.version: EdgeDriver
remote stacktrace: Backtrace:
Microsoft::Applications::Events::EventProperties::SetProperty [0x00007FF710F7F142+15282]
Microsoft::Applications::Events::EventProperty::EventProperty [0x00007FF710F1C842+1461698]
Ordinal0 [0x00007FF710B3C8A5+641189]
Ordinal0 [0x00007FF710B6AB4F+830287]
Ordinal0 [0x00007FF710B6652E+812334]
Ordinal0 [0x00007FF710B61670+792176]
Ordinal0 [0x00007FF710B9FEA1+1048225]
Ordinal0 [0x00007FF710B9F388+1045384]
Ordinal0 [0x00007FF710B986F3+1017587]
Ordinal0 [0x00007FF710B6D104+839940]
Ordinal0 [0x00007FF710B6E76F+845679]
Microsoft::Applications::Events::EventProperty::EventProperty [0x00007FF710DD8A28+135080]
Microsoft::Applications::Events::EventProperty::EventProperty [0x00007FF710DC2888+44552]
Microsoft::Applications::Events::EventProperty::EventProperty [0x00007FF710DC57CC+56652]
Ordinal0 [0x00007FF710C2A764+1615716]
Microsoft::Applications::Events::EventProperty::EventProperty [0x00007FF710F21DA9+1483561]
Microsoft::Applications::Events::EventProperty::EventProperty [0x00007FF710F25C64+1499620]
Microsoft::Applications::Events::EventProperty::EventProperty [0x00007FF710F25DBD+1499965]
Microsoft::Applications::Events::EventProperty::EventProperty [0x00007FF710F2D686+1530886]
BaseThreadInitThunk [0x00007FFC4527244D+29]
RtlUserThreadStart [0x00007FFC4694DFB8+40]
]]>
            </message>
            <full-stacktrace>
              <![CDATA[org.openqa.selenium.SessionNotCreatedException: session not created: This version of Microsoft Edge WebDriver only supports Microsoft Edge version 106
Current browser version is 108.0.1462.42 with binary path C:\Program Files (x86)\Microsoft\Edge\Application\msedge.exe
Build info: version: '3.141.59', revision: 'e82be7d358', time: '2018-11-14T08:17:03'
System info: host: 'SWETHA', ip: '10.56.4.234', os.name: 'Windows 11', os.arch: 'amd64', os.version: '10.0', java.version: '19.0.1'
Driver info: driver.version: EdgeDriver
remote stacktrace: Backtrace:
Microsoft::Applications::Events::EventProperties::SetProperty [0x00007FF710F7F142+15282]
Microsoft::Applications::Events::EventProperty::EventProperty [0x00007FF710F1C842+1461698]
Ordinal0 [0x00007FF710B3C8A5+641189]
Ordinal0 [0x00007FF710B6AB4F+830287]
Ordinal0 [0x00007FF710B6652E+812334]
Ordinal0 [0x00007FF710B61670+792176]
Ordinal0 [0x00007FF710B9FEA1+1048225]
Ordinal0 [0x00007FF710B9F388+1045384]
Ordinal0 [0x00007FF710B986F3+1017587]
Ordinal0 [0x00007FF710B6D104+839940]
Ordinal0 [0x00007FF710B6E76F+845679]
Microsoft::Applications::Events::EventProperty::EventProperty [0x00007FF710DD8A28+135080]
Microsoft::Applications::Events::EventProperty::EventProperty [0x00007FF710DC2888+44552]
Microsoft::Applications::Events::EventProperty::EventProperty [0x00007FF710DC57CC+56652]
Ordinal0 [0x00007FF710C2A764+1615716]
Microsoft::Applications::Events::EventProperty::EventProperty [0x00007FF710F21DA9+1483561]
Microsoft::Applications::Events::EventProperty::EventProperty [0x00007FF710F25C64+1499620]
Microsoft::Applications::Events::EventProperty::EventProperty [0x00007FF710F25DBD+1499965]
Microsoft::Applications::Events::EventProperty::EventProperty [0x00007FF710F2D686+1530886]
BaseThreadInitThunk [0x00007FFC4527244D+29]
RtlUserThreadStart [0x00007FFC4694DFB8+40]

at java.base/jdk.internal.reflect.DirectConstructorHandleAccessor.newInstance(DirectConstructorHandleAccessor.java:67)
at java.base/java.lang.reflect.Constructor.newInstanceWithCaller(Constructor.java:500)
at java.base/java.lang.reflect.Constructor.newInstance(Constructor.java:484)
at org.openqa.selenium.remote.W3CHandshakeResponse.lambda$errorHandler$0(W3CHandshakeResponse.java:62)
at org.openqa.selenium.remote.HandshakeResponse.lambda$getResponseFunction$0(HandshakeResponse.java:30)
at org.openqa.selenium.remote.ProtocolHandshake.lambda$createSession$0(ProtocolHandshake.java:126)
at java.base/java.util.stream.ReferencePipeline$3$1.accept(ReferencePipeline.java:197)
at java.base/java.util.Spliterators$ArraySpliterator.tryAdvance(Spliterators.java:1016)
at java.base/java.util.stream.ReferencePipeline.forEachWithCancel(ReferencePipeline.java:129)
at java.base/java.util.stream.AbstractPipeline.copyIntoWithCancel(AbstractPipeline.java:527)
at java.base/java.util.stream.AbstractPipeline.copyInto(AbstractPipeline.java:513)
at java.base/java.util.stream.AbstractPipeline.wrapAndCopyInto(AbstractPipeline.java:499)
at java.base/java.util.stream.FindOps$FindOp.evaluateSequential(FindOps.java:150)
at java.base/java.util.stream.AbstractPipeline.evaluate(AbstractPipeline.java:234)
at java.base/java.util.stream.ReferencePipeline.findFirst(ReferencePipeline.java:647)
at org.openqa.selenium.remote.ProtocolHandshake.createSession(ProtocolHandshake.java:128)
at org.openqa.selenium.remote.ProtocolHandshake.createSession(ProtocolHandshake.java:74)
at org.openqa.selenium.remote.HttpCommandExecutor.execute(HttpCommandExecutor.java:136)
at org.openqa.selenium.remote.service.DriverCommandExecutor.execute(DriverCommandExecutor.java:83)
at org.openqa.selenium.remote.RemoteWebDriver.execute(RemoteWebDriver.java:552)
at org.openqa.selenium.remote.RemoteWebDriver.startSession(RemoteWebDriver.java:213)
at org.openqa.selenium.remote.RemoteWebDriver.<init>(RemoteWebDriver.java:131)
at org.openqa.selenium.edge.EdgeDriver.<init>(EdgeDriver.java:141)
at org.openqa.selenium.edge.EdgeDriver.<init>(EdgeDriver.java:96)
at com.qa.testscripts.Base.Setup(Base.java:42)
at java.base/jdk.internal.reflect.DirectMethodHandleAccessor.invoke(DirectMethodHandleAccessor.java:104)
at java.base/java.lang.reflect.Method.invoke(Method.java:578)
at org.testng.internal.MethodInvocationHelper.invokeMethod(MethodInvocationHelper.java:133)
at org.testng.internal.MethodInvocationHelper.invokeMethodConsideringTimeout(MethodInvocationHelper.java:62)
at org.testng.internal.ConfigInvoker.invokeConfigurationMethod(ConfigInvoker.java:385)
at org.testng.internal.ConfigInvoker.invokeConfigurations(ConfigInvoker.java:321)
at org.testng.internal.TestMethodWorker.invokeBeforeClassMethods(TestMethodWorker.java:176)
at org.testng.internal.TestMethodWorker.run(TestMethodWorker.java:122)
at java.base/java.util.concurrent.ThreadPoolExecutor.runWorker(ThreadPoolExecutor.java:1144)
at java.base/java.util.concurrent.ThreadPoolExecutor$Worker.run(ThreadPoolExecutor.java:642)
at java.base/java.lang.Thread.run(Thread.java:1589)
]]>
            </full-stacktrace>
          </exception> <!-- org.openqa.selenium.SessionNotCreatedException -->
          <reporter-output>
          </reporter-output>
        </test-method> <!-- Setup -->
        <test-method signature="Search(java.lang.String,java.lang.String)[pri:0, instance:com.qa.testscripts.TC_AmazonSearch_001@10e31a9a]" started-at="2022-12-09T16:13:38 IST" name="Search" data-provider="Data" finished-at="2022-12-09T16:13:38 IST" duration-ms="0" status="SKIP">
          <params>
            <param index="0">
              <value>
                <![CDATA[Electronics]]>
              </value>
            </param>
            <param index="1">
              <value>
                <![CDATA[oppo reno 2f]]>
              </value>
            </param>
          </params>
          <exception class="org.openqa.selenium.SessionNotCreatedException">
            <message>
              <![CDATA[session not created: This version of Microsoft Edge WebDriver only supports Microsoft Edge version 106
Current browser version is 108.0.1462.42 with binary path C:\Program Files (x86)\Microsoft\Edge\Application\msedge.exe
Build info: version: '3.141.59', revision: 'e82be7d358', time: '2018-11-14T08:17:03'
System info: host: 'SWETHA', ip: '10.56.4.234', os.name: 'Windows 11', os.arch: 'amd64', os.version: '10.0', java.version: '19.0.1'
Driver info: driver.version: EdgeDriver
remote stacktrace: Backtrace:
Microsoft::Applications::Events::EventProperties::SetProperty [0x00007FF710F7F142+15282]
Microsoft::Applications::Events::EventProperty::EventProperty [0x00007FF710F1C842+1461698]
Ordinal0 [0x00007FF710B3C8A5+641189]
Ordinal0 [0x00007FF710B6AB4F+830287]
Ordinal0 [0x00007FF710B6652E+812334]
Ordinal0 [0x00007FF710B61670+792176]
Ordinal0 [0x00007FF710B9FEA1+1048225]
Ordinal0 [0x00007FF710B9F388+1045384]
Ordinal0 [0x00007FF710B986F3+1017587]
Ordinal0 [0x00007FF710B6D104+839940]
Ordinal0 [0x00007FF710B6E76F+845679]
Microsoft::Applications::Events::EventProperty::EventProperty [0x00007FF710DD8A28+135080]
Microsoft::Applications::Events::EventProperty::EventProperty [0x00007FF710DC2888+44552]
Microsoft::Applications::Events::EventProperty::EventProperty [0x00007FF710DC57CC+56652]
Ordinal0 [0x00007FF710C2A764+1615716]
Microsoft::Applications::Events::EventProperty::EventProperty [0x00007FF710F21DA9+1483561]
Microsoft::Applications::Events::EventProperty::EventProperty [0x00007FF710F25C64+1499620]
Microsoft::Applications::Events::EventProperty::EventProperty [0x00007FF710F25DBD+1499965]
Microsoft::Applications::Events::EventProperty::EventProperty [0x00007FF710F2D686+1530886]
BaseThreadInitThunk [0x00007FFC4527244D+29]
RtlUserThreadStart [0x00007FFC4694DFB8+40]
]]>
            </message>
            <full-stacktrace>
              <![CDATA[org.openqa.selenium.SessionNotCreatedException: session not created: This version of Microsoft Edge WebDriver only supports Microsoft Edge version 106
Current browser version is 108.0.1462.42 with binary path C:\Program Files (x86)\Microsoft\Edge\Application\msedge.exe
Build info: version: '3.141.59', revision: 'e82be7d358', time: '2018-11-14T08:17:03'
System info: host: 'SWETHA', ip: '10.56.4.234', os.name: 'Windows 11', os.arch: 'amd64', os.version: '10.0', java.version: '19.0.1'
Driver info: driver.version: EdgeDriver
remote stacktrace: Backtrace:
Microsoft::Applications::Events::EventProperties::SetProperty [0x00007FF710F7F142+15282]
Microsoft::Applications::Events::EventProperty::EventProperty [0x00007FF710F1C842+1461698]
Ordinal0 [0x00007FF710B3C8A5+641189]
Ordinal0 [0x00007FF710B6AB4F+830287]
Ordinal0 [0x00007FF710B6652E+812334]
Ordinal0 [0x00007FF710B61670+792176]
Ordinal0 [0x00007FF710B9FEA1+1048225]
Ordinal0 [0x00007FF710B9F388+1045384]
Ordinal0 [0x00007FF710B986F3+1017587]
Ordinal0 [0x00007FF710B6D104+839940]
Ordinal0 [0x00007FF710B6E76F+845679]
Microsoft::Applications::Events::EventProperty::EventProperty [0x00007FF710DD8A28+135080]
Microsoft::Applications::Events::EventProperty::EventProperty [0x00007FF710DC2888+44552]
Microsoft::Applications::Events::EventProperty::EventProperty [0x00007FF710DC57CC+56652]
Ordinal0 [0x00007FF710C2A764+1615716]
Microsoft::Applications::Events::EventProperty::EventProperty [0x00007FF710F21DA9+1483561]
Microsoft::Applications::Events::EventProperty::EventProperty [0x00007FF710F25C64+1499620]
Microsoft::Applications::Events::EventProperty::EventProperty [0x00007FF710F25DBD+1499965]
Microsoft::Applications::Events::EventProperty::EventProperty [0x00007FF710F2D686+1530886]
BaseThreadInitThunk [0x00007FFC4527244D+29]
RtlUserThreadStart [0x00007FFC4694DFB8+40]

at java.base/jdk.internal.reflect.DirectConstructorHandleAccessor.newInstance(DirectConstructorHandleAccessor.java:67)
at java.base/java.lang.reflect.Constructor.newInstanceWithCaller(Constructor.java:500)
at java.base/java.lang.reflect.Constructor.newInstance(Constructor.java:484)
at org.openqa.selenium.remote.W3CHandshakeResponse.lambda$errorHandler$0(W3CHandshakeResponse.java:62)
at org.openqa.selenium.remote.HandshakeResponse.lambda$getResponseFunction$0(HandshakeResponse.java:30)
at org.openqa.selenium.remote.ProtocolHandshake.lambda$createSession$0(ProtocolHandshake.java:126)
at java.base/java.util.stream.ReferencePipeline$3$1.accept(ReferencePipeline.java:197)
at java.base/java.util.Spliterators$ArraySpliterator.tryAdvance(Spliterators.java:1016)
at java.base/java.util.stream.ReferencePipeline.forEachWithCancel(ReferencePipeline.java:129)
at java.base/java.util.stream.AbstractPipeline.copyIntoWithCancel(AbstractPipeline.java:527)
at java.base/java.util.stream.AbstractPipeline.copyInto(AbstractPipeline.java:513)
at java.base/java.util.stream.AbstractPipeline.wrapAndCopyInto(AbstractPipeline.java:499)
at java.base/java.util.stream.FindOps$FindOp.evaluateSequential(FindOps.java:150)
at java.base/java.util.stream.AbstractPipeline.evaluate(AbstractPipeline.java:234)
at java.base/java.util.stream.ReferencePipeline.findFirst(ReferencePipeline.java:647)
at org.openqa.selenium.remote.ProtocolHandshake.createSession(ProtocolHandshake.java:128)
at org.openqa.selenium.remote.ProtocolHandshake.createSession(ProtocolHandshake.java:74)
at org.openqa.selenium.remote.HttpCommandExecutor.execute(HttpCommandExecutor.java:136)
at org.openqa.selenium.remote.service.DriverCommandExecutor.execute(DriverCommandExecutor.java:83)
at org.openqa.selenium.remote.RemoteWebDriver.execute(RemoteWebDriver.java:552)
at org.openqa.selenium.remote.RemoteWebDriver.startSession(RemoteWebDriver.java:213)
at org.openqa.selenium.remote.RemoteWebDriver.<init>(RemoteWebDriver.java:131)
at org.openqa.selenium.edge.EdgeDriver.<init>(EdgeDriver.java:141)
at org.openqa.selenium.edge.EdgeDriver.<init>(EdgeDriver.java:96)
at com.qa.testscripts.Base.Setup(Base.java:42)
at java.base/jdk.internal.reflect.DirectMethodHandleAccessor.invoke(DirectMethodHandleAccessor.java:104)
at java.base/java.lang.reflect.Method.invoke(Method.java:578)
at org.testng.internal.MethodInvocationHelper.invokeMethod(MethodInvocationHelper.java:133)
at org.testng.internal.MethodInvocationHelper.invokeMethodConsideringTimeout(MethodInvocationHelper.java:62)
at org.testng.internal.ConfigInvoker.invokeConfigurationMethod(ConfigInvoker.java:385)
at org.testng.internal.ConfigInvoker.invokeConfigurations(ConfigInvoker.java:321)
at org.testng.internal.TestMethodWorker.invokeBeforeClassMethods(TestMethodWorker.java:176)
at org.testng.internal.TestMethodWorker.run(TestMethodWorker.java:122)
at java.base/java.util.concurrent.ThreadPoolExecutor.runWorker(ThreadPoolExecutor.java:1144)
at java.base/java.util.concurrent.ThreadPoolExecutor$Worker.run(ThreadPoolExecutor.java:642)
at java.base/java.lang.Thread.run(Thread.java:1589)
]]>
            </full-stacktrace>
          </exception> <!-- org.openqa.selenium.SessionNotCreatedException -->
          <reporter-output>
          </reporter-output>
        </test-method> <!-- Search -->
        <test-method signature="Search(java.lang.String,java.lang.String)[pri:0, instance:com.qa.testscripts.TC_AmazonSearch_001@10e31a9a]" started-at="2022-12-09T16:13:38 IST" name="Search" data-provider="Data" finished-at="2022-12-09T16:13:38 IST" duration-ms="0" status="SKIP">
          <params>
            <param index="0">
              <value>
                <![CDATA[Furniture]]>
              </value>
            </param>
            <param index="1">
              <value>
                <![CDATA[chair]]>
              </value>
            </param>
          </params>
          <exception class="org.openqa.selenium.SessionNotCreatedException">
            <message>
              <![CDATA[session not created: This version of Microsoft Edge WebDriver only supports Microsoft Edge version 106
Current browser version is 108.0.1462.42 with binary path C:\Program Files (x86)\Microsoft\Edge\Application\msedge.exe
Build info: version: '3.141.59', revision: 'e82be7d358', time: '2018-11-14T08:17:03'
System info: host: 'SWETHA', ip: '10.56.4.234', os.name: 'Windows 11', os.arch: 'amd64', os.version: '10.0', java.version: '19.0.1'
Driver info: driver.version: EdgeDriver
remote stacktrace: Backtrace:
Microsoft::Applications::Events::EventProperties::SetProperty [0x00007FF710F7F142+15282]
Microsoft::Applications::Events::EventProperty::EventProperty [0x00007FF710F1C842+1461698]
Ordinal0 [0x00007FF710B3C8A5+641189]
Ordinal0 [0x00007FF710B6AB4F+830287]
Ordinal0 [0x00007FF710B6652E+812334]
Ordinal0 [0x00007FF710B61670+792176]
Ordinal0 [0x00007FF710B9FEA1+1048225]
Ordinal0 [0x00007FF710B9F388+1045384]
Ordinal0 [0x00007FF710B986F3+1017587]
Ordinal0 [0x00007FF710B6D104+839940]
Ordinal0 [0x00007FF710B6E76F+845679]
Microsoft::Applications::Events::EventProperty::EventProperty [0x00007FF710DD8A28+135080]
Microsoft::Applications::Events::EventProperty::EventProperty [0x00007FF710DC2888+44552]
Microsoft::Applications::Events::EventProperty::EventProperty [0x00007FF710DC57CC+56652]
Ordinal0 [0x00007FF710C2A764+1615716]
Microsoft::Applications::Events::EventProperty::EventProperty [0x00007FF710F21DA9+1483561]
Microsoft::Applications::Events::EventProperty::EventProperty [0x00007FF710F25C64+1499620]
Microsoft::Applications::Events::EventProperty::EventProperty [0x00007FF710F25DBD+1499965]
Microsoft::Applications::Events::EventProperty::EventProperty [0x00007FF710F2D686+1530886]
BaseThreadInitThunk [0x00007FFC4527244D+29]
RtlUserThreadStart [0x00007FFC4694DFB8+40]
]]>
            </message>
            <full-stacktrace>
              <![CDATA[org.openqa.selenium.SessionNotCreatedException: session not created: This version of Microsoft Edge WebDriver only supports Microsoft Edge version 106
Current browser version is 108.0.1462.42 with binary path C:\Program Files (x86)\Microsoft\Edge\Application\msedge.exe
Build info: version: '3.141.59', revision: 'e82be7d358', time: '2018-11-14T08:17:03'
System info: host: 'SWETHA', ip: '10.56.4.234', os.name: 'Windows 11', os.arch: 'amd64', os.version: '10.0', java.version: '19.0.1'
Driver info: driver.version: EdgeDriver
remote stacktrace: Backtrace:
Microsoft::Applications::Events::EventProperties::SetProperty [0x00007FF710F7F142+15282]
Microsoft::Applications::Events::EventProperty::EventProperty [0x00007FF710F1C842+1461698]
Ordinal0 [0x00007FF710B3C8A5+641189]
Ordinal0 [0x00007FF710B6AB4F+830287]
Ordinal0 [0x00007FF710B6652E+812334]
Ordinal0 [0x00007FF710B61670+792176]
Ordinal0 [0x00007FF710B9FEA1+1048225]
Ordinal0 [0x00007FF710B9F388+1045384]
Ordinal0 [0x00007FF710B986F3+1017587]
Ordinal0 [0x00007FF710B6D104+839940]
Ordinal0 [0x00007FF710B6E76F+845679]
Microsoft::Applications::Events::EventProperty::EventProperty [0x00007FF710DD8A28+135080]
Microsoft::Applications::Events::EventProperty::EventProperty [0x00007FF710DC2888+44552]
Microsoft::Applications::Events::EventProperty::EventProperty [0x00007FF710DC57CC+56652]
Ordinal0 [0x00007FF710C2A764+1615716]
Microsoft::Applications::Events::EventProperty::EventProperty [0x00007FF710F21DA9+1483561]
Microsoft::Applications::Events::EventProperty::EventProperty [0x00007FF710F25C64+1499620]
Microsoft::Applications::Events::EventProperty::EventProperty [0x00007FF710F25DBD+1499965]
Microsoft::Applications::Events::EventProperty::EventProperty [0x00007FF710F2D686+1530886]
BaseThreadInitThunk [0x00007FFC4527244D+29]
RtlUserThreadStart [0x00007FFC4694DFB8+40]

at java.base/jdk.internal.reflect.DirectConstructorHandleAccessor.newInstance(DirectConstructorHandleAccessor.java:67)
at java.base/java.lang.reflect.Constructor.newInstanceWithCaller(Constructor.java:500)
at java.base/java.lang.reflect.Constructor.newInstance(Constructor.java:484)
at org.openqa.selenium.remote.W3CHandshakeResponse.lambda$errorHandler$0(W3CHandshakeResponse.java:62)
at org.openqa.selenium.remote.HandshakeResponse.lambda$getResponseFunction$0(HandshakeResponse.java:30)
at org.openqa.selenium.remote.ProtocolHandshake.lambda$createSession$0(ProtocolHandshake.java:126)
at java.base/java.util.stream.ReferencePipeline$3$1.accept(ReferencePipeline.java:197)
at java.base/java.util.Spliterators$ArraySpliterator.tryAdvance(Spliterators.java:1016)
at java.base/java.util.stream.ReferencePipeline.forEachWithCancel(ReferencePipeline.java:129)
at java.base/java.util.stream.AbstractPipeline.copyIntoWithCancel(AbstractPipeline.java:527)
at java.base/java.util.stream.AbstractPipeline.copyInto(AbstractPipeline.java:513)
at java.base/java.util.stream.AbstractPipeline.wrapAndCopyInto(AbstractPipeline.java:499)
at java.base/java.util.stream.FindOps$FindOp.evaluateSequential(FindOps.java:150)
at java.base/java.util.stream.AbstractPipeline.evaluate(AbstractPipeline.java:234)
at java.base/java.util.stream.ReferencePipeline.findFirst(ReferencePipeline.java:647)
at org.openqa.selenium.remote.ProtocolHandshake.createSession(ProtocolHandshake.java:128)
at org.openqa.selenium.remote.ProtocolHandshake.createSession(ProtocolHandshake.java:74)
at org.openqa.selenium.remote.HttpCommandExecutor.execute(HttpCommandExecutor.java:136)
at org.openqa.selenium.remote.service.DriverCommandExecutor.execute(DriverCommandExecutor.java:83)
at org.openqa.selenium.remote.RemoteWebDriver.execute(RemoteWebDriver.java:552)
at org.openqa.selenium.remote.RemoteWebDriver.startSession(RemoteWebDriver.java:213)
at org.openqa.selenium.remote.RemoteWebDriver.<init>(RemoteWebDriver.java:131)
at org.openqa.selenium.edge.EdgeDriver.<init>(EdgeDriver.java:141)
at org.openqa.selenium.edge.EdgeDriver.<init>(EdgeDriver.java:96)
at com.qa.testscripts.Base.Setup(Base.java:42)
at java.base/jdk.internal.reflect.DirectMethodHandleAccessor.invoke(DirectMethodHandleAccessor.java:104)
at java.base/java.lang.reflect.Method.invoke(Method.java:578)
at org.testng.internal.MethodInvocationHelper.invokeMethod(MethodInvocationHelper.java:133)
at org.testng.internal.MethodInvocationHelper.invokeMethodConsideringTimeout(MethodInvocationHelper.java:62)
at org.testng.internal.ConfigInvoker.invokeConfigurationMethod(ConfigInvoker.java:385)
at org.testng.internal.ConfigInvoker.invokeConfigurations(ConfigInvoker.java:321)
at org.testng.internal.TestMethodWorker.invokeBeforeClassMethods(TestMethodWorker.java:176)
at org.testng.internal.TestMethodWorker.run(TestMethodWorker.java:122)
at java.base/java.util.concurrent.ThreadPoolExecutor.runWorker(ThreadPoolExecutor.java:1144)
at java.base/java.util.concurrent.ThreadPoolExecutor$Worker.run(ThreadPoolExecutor.java:642)
at java.base/java.lang.Thread.run(Thread.java:1589)
]]>
            </full-stacktrace>
          </exception> <!-- org.openqa.selenium.SessionNotCreatedException -->
          <reporter-output>
          </reporter-output>
        </test-method> <!-- Search -->
        <test-method signature="Search(java.lang.String,java.lang.String)[pri:0, instance:com.qa.testscripts.TC_AmazonSearch_001@10e31a9a]" started-at="2022-12-09T16:13:38 IST" name="Search" data-provider="Data" finished-at="2022-12-09T16:13:38 IST" duration-ms="0" status="SKIP">
          <params>
            <param index="0">
              <value>
                <![CDATA[Beauty]]>
              </value>
            </param>
            <param index="1">
              <value>
                <![CDATA[lipstick]]>
              </value>
            </param>
          </params>
          <exception class="org.openqa.selenium.SessionNotCreatedException">
            <message>
              <![CDATA[session not created: This version of Microsoft Edge WebDriver only supports Microsoft Edge version 106
Current browser version is 108.0.1462.42 with binary path C:\Program Files (x86)\Microsoft\Edge\Application\msedge.exe
Build info: version: '3.141.59', revision: 'e82be7d358', time: '2018-11-14T08:17:03'
System info: host: 'SWETHA', ip: '10.56.4.234', os.name: 'Windows 11', os.arch: 'amd64', os.version: '10.0', java.version: '19.0.1'
Driver info: driver.version: EdgeDriver
remote stacktrace: Backtrace:
Microsoft::Applications::Events::EventProperties::SetProperty [0x00007FF710F7F142+15282]
Microsoft::Applications::Events::EventProperty::EventProperty [0x00007FF710F1C842+1461698]
Ordinal0 [0x00007FF710B3C8A5+641189]
Ordinal0 [0x00007FF710B6AB4F+830287]
Ordinal0 [0x00007FF710B6652E+812334]
Ordinal0 [0x00007FF710B61670+792176]
Ordinal0 [0x00007FF710B9FEA1+1048225]
Ordinal0 [0x00007FF710B9F388+1045384]
Ordinal0 [0x00007FF710B986F3+1017587]
Ordinal0 [0x00007FF710B6D104+839940]
Ordinal0 [0x00007FF710B6E76F+845679]
Microsoft::Applications::Events::EventProperty::EventProperty [0x00007FF710DD8A28+135080]
Microsoft::Applications::Events::EventProperty::EventProperty [0x00007FF710DC2888+44552]
Microsoft::Applications::Events::EventProperty::EventProperty [0x00007FF710DC57CC+56652]
Ordinal0 [0x00007FF710C2A764+1615716]
Microsoft::Applications::Events::EventProperty::EventProperty [0x00007FF710F21DA9+1483561]
Microsoft::Applications::Events::EventProperty::EventProperty [0x00007FF710F25C64+1499620]
Microsoft::Applications::Events::EventProperty::EventProperty [0x00007FF710F25DBD+1499965]
Microsoft::Applications::Events::EventProperty::EventProperty [0x00007FF710F2D686+1530886]
BaseThreadInitThunk [0x00007FFC4527244D+29]
RtlUserThreadStart [0x00007FFC4694DFB8+40]
]]>
            </message>
            <full-stacktrace>
              <![CDATA[org.openqa.selenium.SessionNotCreatedException: session not created: This version of Microsoft Edge WebDriver only supports Microsoft Edge version 106
Current browser version is 108.0.1462.42 with binary path C:\Program Files (x86)\Microsoft\Edge\Application\msedge.exe
Build info: version: '3.141.59', revision: 'e82be7d358', time: '2018-11-14T08:17:03'
System info: host: 'SWETHA', ip: '10.56.4.234', os.name: 'Windows 11', os.arch: 'amd64', os.version: '10.0', java.version: '19.0.1'
Driver info: driver.version: EdgeDriver
remote stacktrace: Backtrace:
Microsoft::Applications::Events::EventProperties::SetProperty [0x00007FF710F7F142+15282]
Microsoft::Applications::Events::EventProperty::EventProperty [0x00007FF710F1C842+1461698]
Ordinal0 [0x00007FF710B3C8A5+641189]
Ordinal0 [0x00007FF710B6AB4F+830287]
Ordinal0 [0x00007FF710B6652E+812334]
Ordinal0 [0x00007FF710B61670+792176]
Ordinal0 [0x00007FF710B9FEA1+1048225]
Ordinal0 [0x00007FF710B9F388+1045384]
Ordinal0 [0x00007FF710B986F3+1017587]
Ordinal0 [0x00007FF710B6D104+839940]
Ordinal0 [0x00007FF710B6E76F+845679]
Microsoft::Applications::Events::EventProperty::EventProperty [0x00007FF710DD8A28+135080]
Microsoft::Applications::Events::EventProperty::EventProperty [0x00007FF710DC2888+44552]
Microsoft::Applications::Events::EventProperty::EventProperty [0x00007FF710DC57CC+56652]
Ordinal0 [0x00007FF710C2A764+1615716]
Microsoft::Applications::Events::EventProperty::EventProperty [0x00007FF710F21DA9+1483561]
Microsoft::Applications::Events::EventProperty::EventProperty [0x00007FF710F25C64+1499620]
Microsoft::Applications::Events::EventProperty::EventProperty [0x00007FF710F25DBD+1499965]
Microsoft::Applications::Events::EventProperty::EventProperty [0x00007FF710F2D686+1530886]
BaseThreadInitThunk [0x00007FFC4527244D+29]
RtlUserThreadStart [0x00007FFC4694DFB8+40]

at java.base/jdk.internal.reflect.DirectConstructorHandleAccessor.newInstance(DirectConstructorHandleAccessor.java:67)
at java.base/java.lang.reflect.Constructor.newInstanceWithCaller(Constructor.java:500)
at java.base/java.lang.reflect.Constructor.newInstance(Constructor.java:484)
at org.openqa.selenium.remote.W3CHandshakeResponse.lambda$errorHandler$0(W3CHandshakeResponse.java:62)
at org.openqa.selenium.remote.HandshakeResponse.lambda$getResponseFunction$0(HandshakeResponse.java:30)
at org.openqa.selenium.remote.ProtocolHandshake.lambda$createSession$0(ProtocolHandshake.java:126)
at java.base/java.util.stream.ReferencePipeline$3$1.accept(ReferencePipeline.java:197)
at java.base/java.util.Spliterators$ArraySpliterator.tryAdvance(Spliterators.java:1016)
at java.base/java.util.stream.ReferencePipeline.forEachWithCancel(ReferencePipeline.java:129)
at java.base/java.util.stream.AbstractPipeline.copyIntoWithCancel(AbstractPipeline.java:527)
at java.base/java.util.stream.AbstractPipeline.copyInto(AbstractPipeline.java:513)
at java.base/java.util.stream.AbstractPipeline.wrapAndCopyInto(AbstractPipeline.java:499)
at java.base/java.util.stream.FindOps$FindOp.evaluateSequential(FindOps.java:150)
at java.base/java.util.stream.AbstractPipeline.evaluate(AbstractPipeline.java:234)
at java.base/java.util.stream.ReferencePipeline.findFirst(ReferencePipeline.java:647)
at org.openqa.selenium.remote.ProtocolHandshake.createSession(ProtocolHandshake.java:128)
at org.openqa.selenium.remote.ProtocolHandshake.createSession(ProtocolHandshake.java:74)
at org.openqa.selenium.remote.HttpCommandExecutor.execute(HttpCommandExecutor.java:136)
at org.openqa.selenium.remote.service.DriverCommandExecutor.execute(DriverCommandExecutor.java:83)
at org.openqa.selenium.remote.RemoteWebDriver.execute(RemoteWebDriver.java:552)
at org.openqa.selenium.remote.RemoteWebDriver.startSession(RemoteWebDriver.java:213)
at org.openqa.selenium.remote.RemoteWebDriver.<init>(RemoteWebDriver.java:131)
at org.openqa.selenium.edge.EdgeDriver.<init>(EdgeDriver.java:141)
at org.openqa.selenium.edge.EdgeDriver.<init>(EdgeDriver.java:96)
at com.qa.testscripts.Base.Setup(Base.java:42)
at java.base/jdk.internal.reflect.DirectMethodHandleAccessor.invoke(DirectMethodHandleAccessor.java:104)
at java.base/java.lang.reflect.Method.invoke(Method.java:578)
at org.testng.internal.MethodInvocationHelper.invokeMethod(MethodInvocationHelper.java:133)
at org.testng.internal.MethodInvocationHelper.invokeMethodConsideringTimeout(MethodInvocationHelper.java:62)
at org.testng.internal.ConfigInvoker.invokeConfigurationMethod(ConfigInvoker.java:385)
at org.testng.internal.ConfigInvoker.invokeConfigurations(ConfigInvoker.java:321)
at org.testng.internal.TestMethodWorker.invokeBeforeClassMethods(TestMethodWorker.java:176)
at org.testng.internal.TestMethodWorker.run(TestMethodWorker.java:122)
at java.base/java.util.concurrent.ThreadPoolExecutor.runWorker(ThreadPoolExecutor.java:1144)
at java.base/java.util.concurrent.ThreadPoolExecutor$Worker.run(ThreadPoolExecutor.java:642)
at java.base/java.lang.Thread.run(Thread.java:1589)
]]>
            </full-stacktrace>
          </exception> <!-- org.openqa.selenium.SessionNotCreatedException -->
          <reporter-output>
          </reporter-output>
        </test-method> <!-- Search -->
        <test-method signature="Search(java.lang.String,java.lang.String)[pri:0, instance:com.qa.testscripts.TC_AmazonSearch_001@10e31a9a]" started-at="2022-12-09T16:13:38 IST" name="Search" data-provider="Data" finished-at="2022-12-09T16:13:38 IST" duration-ms="0" status="SKIP">
          <params>
            <param index="0">
              <value>
                <![CDATA[Women]]>
              </value>
            </param>
            <param index="1">
              <value>
                <![CDATA[Dresses]]>
              </value>
            </param>
          </params>
          <exception class="org.openqa.selenium.SessionNotCreatedException">
            <message>
              <![CDATA[session not created: This version of Microsoft Edge WebDriver only supports Microsoft Edge version 106
Current browser version is 108.0.1462.42 with binary path C:\Program Files (x86)\Microsoft\Edge\Application\msedge.exe
Build info: version: '3.141.59', revision: 'e82be7d358', time: '2018-11-14T08:17:03'
System info: host: 'SWETHA', ip: '10.56.4.234', os.name: 'Windows 11', os.arch: 'amd64', os.version: '10.0', java.version: '19.0.1'
Driver info: driver.version: EdgeDriver
remote stacktrace: Backtrace:
Microsoft::Applications::Events::EventProperties::SetProperty [0x00007FF710F7F142+15282]
Microsoft::Applications::Events::EventProperty::EventProperty [0x00007FF710F1C842+1461698]
Ordinal0 [0x00007FF710B3C8A5+641189]
Ordinal0 [0x00007FF710B6AB4F+830287]
Ordinal0 [0x00007FF710B6652E+812334]
Ordinal0 [0x00007FF710B61670+792176]
Ordinal0 [0x00007FF710B9FEA1+1048225]
Ordinal0 [0x00007FF710B9F388+1045384]
Ordinal0 [0x00007FF710B986F3+1017587]
Ordinal0 [0x00007FF710B6D104+839940]
Ordinal0 [0x00007FF710B6E76F+845679]
Microsoft::Applications::Events::EventProperty::EventProperty [0x00007FF710DD8A28+135080]
Microsoft::Applications::Events::EventProperty::EventProperty [0x00007FF710DC2888+44552]
Microsoft::Applications::Events::EventProperty::EventProperty [0x00007FF710DC57CC+56652]
Ordinal0 [0x00007FF710C2A764+1615716]
Microsoft::Applications::Events::EventProperty::EventProperty [0x00007FF710F21DA9+1483561]
Microsoft::Applications::Events::EventProperty::EventProperty [0x00007FF710F25C64+1499620]
Microsoft::Applications::Events::EventProperty::EventProperty [0x00007FF710F25DBD+1499965]
Microsoft::Applications::Events::EventProperty::EventProperty [0x00007FF710F2D686+1530886]
BaseThreadInitThunk [0x00007FFC4527244D+29]
RtlUserThreadStart [0x00007FFC4694DFB8+40]
]]>
            </message>
            <full-stacktrace>
              <![CDATA[org.openqa.selenium.SessionNotCreatedException: session not created: This version of Microsoft Edge WebDriver only supports Microsoft Edge version 106
Current browser version is 108.0.1462.42 with binary path C:\Program Files (x86)\Microsoft\Edge\Application\msedge.exe
Build info: version: '3.141.59', revision: 'e82be7d358', time: '2018-11-14T08:17:03'
System info: host: 'SWETHA', ip: '10.56.4.234', os.name: 'Windows 11', os.arch: 'amd64', os.version: '10.0', java.version: '19.0.1'
Driver info: driver.version: EdgeDriver
remote stacktrace: Backtrace:
Microsoft::Applications::Events::EventProperties::SetProperty [0x00007FF710F7F142+15282]
Microsoft::Applications::Events::EventProperty::EventProperty [0x00007FF710F1C842+1461698]
Ordinal0 [0x00007FF710B3C8A5+641189]
Ordinal0 [0x00007FF710B6AB4F+830287]
Ordinal0 [0x00007FF710B6652E+812334]
Ordinal0 [0x00007FF710B61670+792176]
Ordinal0 [0x00007FF710B9FEA1+1048225]
Ordinal0 [0x00007FF710B9F388+1045384]
Ordinal0 [0x00007FF710B986F3+1017587]
Ordinal0 [0x00007FF710B6D104+839940]
Ordinal0 [0x00007FF710B6E76F+845679]
Microsoft::Applications::Events::EventProperty::EventProperty [0x00007FF710DD8A28+135080]
Microsoft::Applications::Events::EventProperty::EventProperty [0x00007FF710DC2888+44552]
Microsoft::Applications::Events::EventProperty::EventProperty [0x00007FF710DC57CC+56652]
Ordinal0 [0x00007FF710C2A764+1615716]
Microsoft::Applications::Events::EventProperty::EventProperty [0x00007FF710F21DA9+1483561]
Microsoft::Applications::Events::EventProperty::EventProperty [0x00007FF710F25C64+1499620]
Microsoft::Applications::Events::EventProperty::EventProperty [0x00007FF710F25DBD+1499965]
Microsoft::Applications::Events::EventProperty::EventProperty [0x00007FF710F2D686+1530886]
BaseThreadInitThunk [0x00007FFC4527244D+29]
RtlUserThreadStart [0x00007FFC4694DFB8+40]

at java.base/jdk.internal.reflect.DirectConstructorHandleAccessor.newInstance(DirectConstructorHandleAccessor.java:67)
at java.base/java.lang.reflect.Constructor.newInstanceWithCaller(Constructor.java:500)
at java.base/java.lang.reflect.Constructor.newInstance(Constructor.java:484)
at org.openqa.selenium.remote.W3CHandshakeResponse.lambda$errorHandler$0(W3CHandshakeResponse.java:62)
at org.openqa.selenium.remote.HandshakeResponse.lambda$getResponseFunction$0(HandshakeResponse.java:30)
at org.openqa.selenium.remote.ProtocolHandshake.lambda$createSession$0(ProtocolHandshake.java:126)
at java.base/java.util.stream.ReferencePipeline$3$1.accept(ReferencePipeline.java:197)
at java.base/java.util.Spliterators$ArraySpliterator.tryAdvance(Spliterators.java:1016)
at java.base/java.util.stream.ReferencePipeline.forEachWithCancel(ReferencePipeline.java:129)
at java.base/java.util.stream.AbstractPipeline.copyIntoWithCancel(AbstractPipeline.java:527)
at java.base/java.util.stream.AbstractPipeline.copyInto(AbstractPipeline.java:513)
at java.base/java.util.stream.AbstractPipeline.wrapAndCopyInto(AbstractPipeline.java:499)
at java.base/java.util.stream.FindOps$FindOp.evaluateSequential(FindOps.java:150)
at java.base/java.util.stream.AbstractPipeline.evaluate(AbstractPipeline.java:234)
at java.base/java.util.stream.ReferencePipeline.findFirst(ReferencePipeline.java:647)
at org.openqa.selenium.remote.ProtocolHandshake.createSession(ProtocolHandshake.java:128)
at org.openqa.selenium.remote.ProtocolHandshake.createSession(ProtocolHandshake.java:74)
at org.openqa.selenium.remote.HttpCommandExecutor.execute(HttpCommandExecutor.java:136)
at org.openqa.selenium.remote.service.DriverCommandExecutor.execute(DriverCommandExecutor.java:83)
at org.openqa.selenium.remote.RemoteWebDriver.execute(RemoteWebDriver.java:552)
at org.openqa.selenium.remote.RemoteWebDriver.startSession(RemoteWebDriver.java:213)
at org.openqa.selenium.remote.RemoteWebDriver.<init>(RemoteWebDriver.java:131)
at org.openqa.selenium.edge.EdgeDriver.<init>(EdgeDriver.java:141)
at org.openqa.selenium.edge.EdgeDriver.<init>(EdgeDriver.java:96)
at com.qa.testscripts.Base.Setup(Base.java:42)
at java.base/jdk.internal.reflect.DirectMethodHandleAccessor.invoke(DirectMethodHandleAccessor.java:104)
at java.base/java.lang.reflect.Method.invoke(Method.java:578)
at org.testng.internal.MethodInvocationHelper.invokeMethod(MethodInvocationHelper.java:133)
at org.testng.internal.MethodInvocationHelper.invokeMethodConsideringTimeout(MethodInvocationHelper.java:62)
at org.testng.internal.ConfigInvoker.invokeConfigurationMethod(ConfigInvoker.java:385)
at org.testng.internal.ConfigInvoker.invokeConfigurations(ConfigInvoker.java:321)
at org.testng.internal.TestMethodWorker.invokeBeforeClassMethods(TestMethodWorker.java:176)
at org.testng.internal.TestMethodWorker.run(TestMethodWorker.java:122)
at java.base/java.util.concurrent.ThreadPoolExecutor.runWorker(ThreadPoolExecutor.java:1144)
at java.base/java.util.concurrent.ThreadPoolExecutor$Worker.run(ThreadPoolExecutor.java:642)
at java.base/java.lang.Thread.run(Thread.java:1589)
]]>
            </full-stacktrace>
          </exception> <!-- org.openqa.selenium.SessionNotCreatedException -->
          <reporter-output>
          </reporter-output>
        </test-method> <!-- Search -->
        <test-method is-config="true" signature="TearDown()[pri:0, instance:com.qa.testscripts.TC_AmazonSearch_001@10e31a9a]" started-at="2022-12-09T16:13:38 IST" name="TearDown" finished-at="1970-01-01T05:30:00 IST" duration-ms="-1670582618566" status="SKIP">
          <reporter-output>
          </reporter-output>
        </test-method> <!-- TearDown -->
      </class> <!-- com.qa.testscripts.TC_AmazonSearch_001 -->
    </test> <!-- Test Edge -->
  </suite> <!-- Suite -->
</testng-results>
